<?xml version="1.0" encoding="UTF-8"?>
<coverage generated="1505473082306" clover="3.2.0">
  <project timestamp="1505473082306" name="All files">
    <metrics statements="22" coveredstatements="6" conditionals="10" coveredconditionals="5" methods="13" coveredmethods="4" elements="45" coveredelements="15" complexity="0" loc="22" ncloc="22" packages="1" files="1" classes="1">
      <file name="controller.js" path="C:\ProjetosPrivados\webhd-node-api-rest\dist\controller.js">
        <metrics statements="22" coveredstatements="6" conditionals="10" coveredconditionals="5" methods="13" coveredmethods="4"/>
        <line num="3" count="1" type="stmt"/>
        <line num="7" count="1" type="cond" truecount="5" falsecount="3"/>
        <line num="9" count="0" type="cond" truecount="0" falsecount="2"/>
        <line num="11" count="1" type="stmt"/>
        <line num="13" count="0" type="stmt"/>
        <line num="15" count="0" type="stmt"/>
        <line num="16" count="0" type="stmt"/>
        <line num="17" count="0" type="stmt"/>
        <line num="21" count="0" type="stmt"/>
        <line num="27" count="0" type="stmt"/>
        <line num="33" count="0" type="stmt"/>
        <line num="39" count="0" type="stmt"/>
        <line num="45" count="0" type="stmt"/>
        <line num="50" count="0" type="stmt"/>
        <line num="51" count="0" type="stmt"/>
        <line num="53" count="0" type="stmt"/>
        <line num="56" count="1" type="stmt"/>
        <line num="59" count="0" type="stmt"/>
        <line num="60" count="0" type="stmt"/>
        <line num="61" count="0" type="stmt"/>
        <line num="66" count="1" type="stmt"/>
        <line num="69" count="1" type="stmt"/>
      </file>
    </metrics>
  </project>
</coverage>
