{"C:\\ProjetosPrivados\\webhd-node-api-rest\\dist\\controller.js": {"path":"C:\\ProjetosPrivados\\webhd-node-api-rest\\dist\\controller.js","statementMap":{"0":{"start":{"line":3,"column":0},"end":{"line":5,"column":3}},"1":{"start":{"line":7,"column":19},"end":{"line":7,"column":563}},"2":{"start":{"line":7,"column":76},"end":{"line":7,"column":347}},"3":{"start":{"line":7,"column":134},"end":{"line":7,"column":142}},"4":{"start":{"line":7,"column":144},"end":{"line":7,"column":199}},"5":{"start":{"line":7,"column":200},"end":{"line":7,"column":231}},"6":{"start":{"line":7,"column":232},"end":{"line":7,"column":286}},"7":{"start":{"line":7,"column":259},"end":{"line":7,"column":286}},"8":{"start":{"line":7,"column":287},"end":{"line":7,"column":345}},"9":{"start":{"line":7,"column":350},"end":{"line":7,"column":559}},"10":{"start":{"line":7,"column":407},"end":{"line":7,"column":475}},"11":{"start":{"line":7,"column":423},"end":{"line":7,"column":475}},"12":{"start":{"line":7,"column":476},"end":{"line":7,"column":536}},"13":{"start":{"line":7,"column":493},"end":{"line":7,"column":536}},"14":{"start":{"line":7,"column":537},"end":{"line":7,"column":556}},"15":{"start":{"line":9,"column":33},"end":{"line":9,"column":456}},"16":{"start":{"line":9,"column":64},"end":{"line":9,"column":89}},"17":{"start":{"line":9,"column":91},"end":{"line":9,"column":453}},"18":{"start":{"line":9,"column":165},"end":{"line":9,"column":263}},"19":{"start":{"line":9,"column":182},"end":{"line":9,"column":195}},"20":{"start":{"line":9,"column":209},"end":{"line":9,"column":219}},"21":{"start":{"line":9,"column":239},"end":{"line":9,"column":253}},"22":{"start":{"line":9,"column":254},"end":{"line":9,"column":261}},"23":{"start":{"line":9,"column":264},"end":{"line":9,"column":426}},"24":{"start":{"line":9,"column":281},"end":{"line":9,"column":296}},"25":{"start":{"line":9,"column":306},"end":{"line":9,"column":424}},"26":{"start":{"line":9,"column":360},"end":{"line":9,"column":380}},"27":{"start":{"line":9,"column":401},"end":{"line":9,"column":420}},"28":{"start":{"line":9,"column":429},"end":{"line":9,"column":449}},"29":{"start":{"line":11,"column":50},"end":{"line":11,"column":151}},"30":{"start":{"line":11,"column":92},"end":{"line":11,"column":149}},"31":{"start":{"line":13,"column":17},"end":{"line":169,"column":3}},"32":{"start":{"line":15,"column":20},"end":{"line":15,"column":24}},"33":{"start":{"line":17,"column":8},"end":{"line":17,"column":42}},"34":{"start":{"line":19,"column":8},"end":{"line":19,"column":27}},"35":{"start":{"line":20,"column":8},"end":{"line":20,"column":27}},"36":{"start":{"line":21,"column":8},"end":{"line":146,"column":11}},"37":{"start":{"line":25,"column":27},"end":{"line":38,"column":19}},"38":{"start":{"line":26,"column":20},"end":{"line":37,"column":39}},"39":{"start":{"line":27,"column":24},"end":{"line":36,"column":25}},"40":{"start":{"line":28,"column":28},"end":{"line":35,"column":29}},"41":{"start":{"line":30,"column":36},"end":{"line":30,"column":59}},"42":{"start":{"line":34,"column":36},"end":{"line":34,"column":59}},"43":{"start":{"line":41,"column":20},"end":{"line":41,"column":55}},"44":{"start":{"line":44,"column":16},"end":{"line":44,"column":30}},"45":{"start":{"line":50,"column":28},"end":{"line":63,"column":19}},"46":{"start":{"line":51,"column":20},"end":{"line":62,"column":40}},"47":{"start":{"line":52,"column":24},"end":{"line":61,"column":25}},"48":{"start":{"line":53,"column":28},"end":{"line":60,"column":29}},"49":{"start":{"line":55,"column":36},"end":{"line":55,"column":62}},"50":{"start":{"line":59,"column":36},"end":{"line":59,"column":60}},"51":{"start":{"line":66,"column":20},"end":{"line":66,"column":56}},"52":{"start":{"line":69,"column":16},"end":{"line":69,"column":30}},"53":{"start":{"line":75,"column":28},"end":{"line":88,"column":19}},"54":{"start":{"line":76,"column":20},"end":{"line":87,"column":40}},"55":{"start":{"line":77,"column":24},"end":{"line":86,"column":25}},"56":{"start":{"line":78,"column":28},"end":{"line":85,"column":29}},"57":{"start":{"line":80,"column":36},"end":{"line":80,"column":60}},"58":{"start":{"line":84,"column":36},"end":{"line":84,"column":60}},"59":{"start":{"line":91,"column":20},"end":{"line":91,"column":56}},"60":{"start":{"line":94,"column":16},"end":{"line":94,"column":30}},"61":{"start":{"line":100,"column":28},"end":{"line":113,"column":19}},"62":{"start":{"line":101,"column":20},"end":{"line":112,"column":40}},"63":{"start":{"line":102,"column":24},"end":{"line":111,"column":25}},"64":{"start":{"line":103,"column":28},"end":{"line":110,"column":29}},"65":{"start":{"line":105,"column":36},"end":{"line":105,"column":59}},"66":{"start":{"line":109,"column":36},"end":{"line":109,"column":60}},"67":{"start":{"line":116,"column":20},"end":{"line":116,"column":56}},"68":{"start":{"line":119,"column":16},"end":{"line":119,"column":30}},"69":{"start":{"line":125,"column":28},"end":{"line":138,"column":19}},"70":{"start":{"line":126,"column":20},"end":{"line":137,"column":40}},"71":{"start":{"line":127,"column":24},"end":{"line":136,"column":25}},"72":{"start":{"line":128,"column":28},"end":{"line":135,"column":29}},"73":{"start":{"line":130,"column":36},"end":{"line":130,"column":62}},"74":{"start":{"line":134,"column":36},"end":{"line":134,"column":60}},"75":{"start":{"line":141,"column":20},"end":{"line":141,"column":56}},"76":{"start":{"line":144,"column":16},"end":{"line":144,"column":30}},"77":{"start":{"line":148,"column":8},"end":{"line":148,"column":28}},"78":{"start":{"line":149,"column":8},"end":{"line":152,"column":9}},"79":{"start":{"line":150,"column":12},"end":{"line":150,"column":32}},"80":{"start":{"line":151,"column":12},"end":{"line":151,"column":47}},"81":{"start":{"line":155,"column":4},"end":{"line":166,"column":8}},"82":{"start":{"line":158,"column":25},"end":{"line":158,"column":29}},"83":{"start":{"line":160,"column":12},"end":{"line":164,"column":15}},"84":{"start":{"line":161,"column":33},"end":{"line":161,"column":106}},"85":{"start":{"line":162,"column":16},"end":{"line":162,"column":79}},"86":{"start":{"line":163,"column":16},"end":{"line":163,"column":86}},"87":{"start":{"line":168,"column":4},"end":{"line":168,"column":22}},"88":{"start":{"line":171,"column":0},"end":{"line":171,"column":29}}},"fnMap":{"0":{"name":"(anonymous_0)","decl":{"start":{"line":7,"column":19},"end":{"line":7,"column":20}},"loc":{"start":{"line":7,"column":31},"end":{"line":7,"column":561}},"line":7},"1":{"name":"defineProperties","decl":{"start":{"line":7,"column":42},"end":{"line":7,"column":58}},"loc":{"start":{"line":7,"column":74},"end":{"line":7,"column":349}},"line":7},"2":{"name":"(anonymous_2)","decl":{"start":{"line":7,"column":357},"end":{"line":7,"column":358}},"loc":{"start":{"line":7,"column":405},"end":{"line":7,"column":558}},"line":7},"3":{"name":"_asyncToGenerator","decl":{"start":{"line":9,"column":9},"end":{"line":9,"column":26}},"loc":{"start":{"line":9,"column":31},"end":{"line":9,"column":458}},"line":9},"4":{"name":"(anonymous_4)","decl":{"start":{"line":9,"column":40},"end":{"line":9,"column":41}},"loc":{"start":{"line":9,"column":52},"end":{"line":9,"column":455}},"line":9},"5":{"name":"(anonymous_5)","decl":{"start":{"line":9,"column":110},"end":{"line":9,"column":111}},"loc":{"start":{"line":9,"column":137},"end":{"line":9,"column":451}},"line":9},"6":{"name":"step","decl":{"start":{"line":9,"column":148},"end":{"line":9,"column":152}},"loc":{"start":{"line":9,"column":163},"end":{"line":9,"column":428}},"line":9},"7":{"name":"(anonymous_7)","decl":{"start":{"line":9,"column":341},"end":{"line":9,"column":342}},"loc":{"start":{"line":9,"column":358},"end":{"line":9,"column":382}},"line":9},"8":{"name":"(anonymous_8)","decl":{"start":{"line":9,"column":384},"end":{"line":9,"column":385}},"loc":{"start":{"line":9,"column":399},"end":{"line":9,"column":422}},"line":9},"9":{"name":"_classCallCheck","decl":{"start":{"line":11,"column":9},"end":{"line":11,"column":24}},"loc":{"start":{"line":11,"column":48},"end":{"line":11,"column":153}},"line":11},"10":{"name":"(anonymous_10)","decl":{"start":{"line":13,"column":17},"end":{"line":13,"column":18}},"loc":{"start":{"line":13,"column":29},"end":{"line":169,"column":1}},"line":13},"11":{"name":"Controller","decl":{"start":{"line":14,"column":13},"end":{"line":14,"column":23}},"loc":{"start":{"line":14,"column":38},"end":{"line":153,"column":5}},"line":14},"12":{"name":"(anonymous_12)","decl":{"start":{"line":24,"column":20},"end":{"line":24,"column":21}},"loc":{"start":{"line":24,"column":32},"end":{"line":45,"column":13}},"line":24},"13":{"name":"_callee","decl":{"start":{"line":25,"column":92},"end":{"line":25,"column":99}},"loc":{"start":{"line":25,"column":105},"end":{"line":38,"column":17}},"line":25},"14":{"name":"_callee$","decl":{"start":{"line":26,"column":60},"end":{"line":26,"column":68}},"loc":{"start":{"line":26,"column":79},"end":{"line":37,"column":21}},"line":26},"15":{"name":"action","decl":{"start":{"line":40,"column":25},"end":{"line":40,"column":31}},"loc":{"start":{"line":40,"column":36},"end":{"line":42,"column":17}},"line":40},"16":{"name":"(anonymous_16)","decl":{"start":{"line":49,"column":20},"end":{"line":49,"column":21}},"loc":{"start":{"line":49,"column":32},"end":{"line":70,"column":13}},"line":49},"17":{"name":"_callee2","decl":{"start":{"line":50,"column":93},"end":{"line":50,"column":101}},"loc":{"start":{"line":50,"column":107},"end":{"line":63,"column":17}},"line":50},"18":{"name":"_callee2$","decl":{"start":{"line":51,"column":60},"end":{"line":51,"column":69}},"loc":{"start":{"line":51,"column":81},"end":{"line":62,"column":21}},"line":51},"19":{"name":"action","decl":{"start":{"line":65,"column":25},"end":{"line":65,"column":31}},"loc":{"start":{"line":65,"column":37},"end":{"line":67,"column":17}},"line":65},"20":{"name":"(anonymous_20)","decl":{"start":{"line":74,"column":20},"end":{"line":74,"column":21}},"loc":{"start":{"line":74,"column":32},"end":{"line":95,"column":13}},"line":74},"21":{"name":"_callee3","decl":{"start":{"line":75,"column":93},"end":{"line":75,"column":101}},"loc":{"start":{"line":75,"column":107},"end":{"line":88,"column":17}},"line":75},"22":{"name":"_callee3$","decl":{"start":{"line":76,"column":60},"end":{"line":76,"column":69}},"loc":{"start":{"line":76,"column":81},"end":{"line":87,"column":21}},"line":76},"23":{"name":"action","decl":{"start":{"line":90,"column":25},"end":{"line":90,"column":31}},"loc":{"start":{"line":90,"column":37},"end":{"line":92,"column":17}},"line":90},"24":{"name":"(anonymous_24)","decl":{"start":{"line":99,"column":20},"end":{"line":99,"column":21}},"loc":{"start":{"line":99,"column":32},"end":{"line":120,"column":13}},"line":99},"25":{"name":"_callee4","decl":{"start":{"line":100,"column":93},"end":{"line":100,"column":101}},"loc":{"start":{"line":100,"column":107},"end":{"line":113,"column":17}},"line":100},"26":{"name":"_callee4$","decl":{"start":{"line":101,"column":60},"end":{"line":101,"column":69}},"loc":{"start":{"line":101,"column":81},"end":{"line":112,"column":21}},"line":101},"27":{"name":"action","decl":{"start":{"line":115,"column":25},"end":{"line":115,"column":31}},"loc":{"start":{"line":115,"column":37},"end":{"line":117,"column":17}},"line":115},"28":{"name":"(anonymous_28)","decl":{"start":{"line":124,"column":20},"end":{"line":124,"column":21}},"loc":{"start":{"line":124,"column":32},"end":{"line":145,"column":13}},"line":124},"29":{"name":"_callee5","decl":{"start":{"line":125,"column":93},"end":{"line":125,"column":101}},"loc":{"start":{"line":125,"column":107},"end":{"line":138,"column":17}},"line":125},"30":{"name":"_callee5$","decl":{"start":{"line":126,"column":60},"end":{"line":126,"column":69}},"loc":{"start":{"line":126,"column":81},"end":{"line":137,"column":21}},"line":126},"31":{"name":"action","decl":{"start":{"line":140,"column":25},"end":{"line":140,"column":31}},"loc":{"start":{"line":140,"column":37},"end":{"line":142,"column":17}},"line":140},"32":{"name":"_registerDefaultRoutes","decl":{"start":{"line":157,"column":24},"end":{"line":157,"column":46}},"loc":{"start":{"line":157,"column":54},"end":{"line":165,"column":9}},"line":157},"33":{"name":"(anonymous_33)","decl":{"start":{"line":160,"column":36},"end":{"line":160,"column":37}},"loc":{"start":{"line":160,"column":61},"end":{"line":164,"column":13}},"line":160}},"branchMap":{"0":{"loc":{"start":{"line":7,"column":168},"end":{"line":7,"column":198}},"type":"binary-expr","locations":[{"start":{"line":7,"column":168},"end":{"line":7,"column":189}},{"start":{"line":7,"column":193},"end":{"line":7,"column":198}}],"line":7},"1":{"loc":{"start":{"line":7,"column":232},"end":{"line":7,"column":286}},"type":"if","locations":[{"start":{"line":7,"column":232},"end":{"line":7,"column":286}},{"start":{"line":7,"column":232},"end":{"line":7,"column":286}}],"line":7},"2":{"loc":{"start":{"line":7,"column":407},"end":{"line":7,"column":475}},"type":"if","locations":[{"start":{"line":7,"column":407},"end":{"line":7,"column":475}},{"start":{"line":7,"column":407},"end":{"line":7,"column":475}}],"line":7},"3":{"loc":{"start":{"line":7,"column":476},"end":{"line":7,"column":536}},"type":"if","locations":[{"start":{"line":7,"column":476},"end":{"line":7,"column":536}},{"start":{"line":7,"column":476},"end":{"line":7,"column":536}}],"line":7},"4":{"loc":{"start":{"line":9,"column":264},"end":{"line":9,"column":426}},"type":"if","locations":[{"start":{"line":9,"column":264},"end":{"line":9,"column":426}},{"start":{"line":9,"column":264},"end":{"line":9,"column":426}}],"line":9},"5":{"loc":{"start":{"line":11,"column":50},"end":{"line":11,"column":151}},"type":"if","locations":[{"start":{"line":11,"column":50},"end":{"line":11,"column":151}},{"start":{"line":11,"column":50},"end":{"line":11,"column":151}}],"line":11},"6":{"loc":{"start":{"line":28,"column":28},"end":{"line":35,"column":29}},"type":"switch","locations":[{"start":{"line":29,"column":32},"end":{"line":30,"column":59}},{"start":{"line":32,"column":32},"end":{"line":32,"column":39}},{"start":{"line":33,"column":32},"end":{"line":34,"column":59}}],"line":28},"7":{"loc":{"start":{"line":53,"column":28},"end":{"line":60,"column":29}},"type":"switch","locations":[{"start":{"line":54,"column":32},"end":{"line":55,"column":62}},{"start":{"line":57,"column":32},"end":{"line":57,"column":39}},{"start":{"line":58,"column":32},"end":{"line":59,"column":60}}],"line":53},"8":{"loc":{"start":{"line":78,"column":28},"end":{"line":85,"column":29}},"type":"switch","locations":[{"start":{"line":79,"column":32},"end":{"line":80,"column":60}},{"start":{"line":82,"column":32},"end":{"line":82,"column":39}},{"start":{"line":83,"column":32},"end":{"line":84,"column":60}}],"line":78},"9":{"loc":{"start":{"line":103,"column":28},"end":{"line":110,"column":29}},"type":"switch","locations":[{"start":{"line":104,"column":32},"end":{"line":105,"column":59}},{"start":{"line":107,"column":32},"end":{"line":107,"column":39}},{"start":{"line":108,"column":32},"end":{"line":109,"column":60}}],"line":103},"10":{"loc":{"start":{"line":128,"column":28},"end":{"line":135,"column":29}},"type":"switch","locations":[{"start":{"line":129,"column":32},"end":{"line":130,"column":62}},{"start":{"line":132,"column":32},"end":{"line":132,"column":39}},{"start":{"line":133,"column":32},"end":{"line":134,"column":60}}],"line":128},"11":{"loc":{"start":{"line":149,"column":8},"end":{"line":152,"column":9}},"type":"if","locations":[{"start":{"line":149,"column":8},"end":{"line":152,"column":9}},{"start":{"line":149,"column":8},"end":{"line":152,"column":9}}],"line":149}},"s":{"0":1,"1":1,"2":1,"3":1,"4":1,"5":1,"6":1,"7":1,"8":1,"9":1,"10":1,"11":1,"12":1,"13":0,"14":1,"15":0,"16":0,"17":0,"18":0,"19":0,"20":0,"21":0,"22":0,"23":0,"24":0,"25":0,"26":0,"27":0,"28":0,"29":0,"30":0,"31":1,"32":0,"33":0,"34":0,"35":0,"36":0,"37":0,"38":0,"39":0,"40":0,"41":0,"42":0,"43":0,"44":0,"45":0,"46":0,"47":0,"48":0,"49":0,"50":0,"51":0,"52":0,"53":0,"54":0,"55":0,"56":0,"57":0,"58":0,"59":0,"60":0,"61":0,"62":0,"63":0,"64":0,"65":0,"66":0,"67":0,"68":0,"69":0,"70":0,"71":0,"72":0,"73":0,"74":0,"75":0,"76":0,"77":0,"78":0,"79":0,"80":0,"81":1,"82":0,"83":0,"84":0,"85":0,"86":0,"87":1,"88":1},"f":{"0":1,"1":1,"2":1,"3":0,"4":0,"5":0,"6":0,"7":0,"8":0,"9":0,"10":1,"11":0,"12":0,"13":0,"14":0,"15":0,"16":0,"17":0,"18":0,"19":0,"20":0,"21":0,"22":0,"23":0,"24":0,"25":0,"26":0,"27":0,"28":0,"29":0,"30":0,"31":0,"32":0,"33":0},"b":{"0":[1,1],"1":[1,0],"2":[1,0],"3":[0,1],"4":[0,0],"5":[0,0],"6":[0,0,0],"7":[0,0,0],"8":[0,0,0],"9":[0,0,0],"10":[0,0,0],"11":[0,0]},"_coverageSchema":"332fd63041d2c1bcb487cc26dd0d5f7d97098a6c","hash":"620adbb214c7f6105f65fe1f9cd25eed9fede3cc"}
,"C:\\ProjetosPrivados\\webhd-node-api-rest\\test\\controller\\testController.js": {"path":"C:\\ProjetosPrivados\\webhd-node-api-rest\\test\\controller\\testController.js","statementMap":{"0":{"start":{"line":6,"column":8},"end":{"line":6,"column":20}}},"fnMap":{"0":{"name":"(anonymous_0)","decl":{"start":{"line":5,"column":4},"end":{"line":5,"column":5}},"loc":{"start":{"line":5,"column":22},"end":{"line":7,"column":5}},"line":5}},"branchMap":{},"s":{"0":0},"f":{"0":0},"b":{},"_coverageSchema":"332fd63041d2c1bcb487cc26dd0d5f7d97098a6c","hash":"39d19c9da42a6a53a82cd6ff2f7000f9fb8035f2"}
}
