{"C:\\ProjetosPrivados\\webhd-node-api-rest\\dist\\controller.js": {"path":"C:\\ProjetosPrivados\\webhd-node-api-rest\\dist\\controller.js","statementMap":{"0":{"start":{"line":3,"column":0},"end":{"line":5,"column":3}},"1":{"start":{"line":7,"column":19},"end":{"line":7,"column":563}},"2":{"start":{"line":7,"column":76},"end":{"line":7,"column":347}},"3":{"start":{"line":7,"column":134},"end":{"line":7,"column":142}},"4":{"start":{"line":7,"column":144},"end":{"line":7,"column":199}},"5":{"start":{"line":7,"column":200},"end":{"line":7,"column":231}},"6":{"start":{"line":7,"column":232},"end":{"line":7,"column":286}},"7":{"start":{"line":7,"column":259},"end":{"line":7,"column":286}},"8":{"start":{"line":7,"column":287},"end":{"line":7,"column":345}},"9":{"start":{"line":7,"column":350},"end":{"line":7,"column":559}},"10":{"start":{"line":7,"column":407},"end":{"line":7,"column":475}},"11":{"start":{"line":7,"column":423},"end":{"line":7,"column":475}},"12":{"start":{"line":7,"column":476},"end":{"line":7,"column":536}},"13":{"start":{"line":7,"column":493},"end":{"line":7,"column":536}},"14":{"start":{"line":7,"column":537},"end":{"line":7,"column":556}},"15":{"start":{"line":9,"column":50},"end":{"line":9,"column":151}},"16":{"start":{"line":9,"column":92},"end":{"line":9,"column":149}},"17":{"start":{"line":11,"column":17},"end":{"line":67,"column":3}},"18":{"start":{"line":13,"column":8},"end":{"line":13,"column":42}},"19":{"start":{"line":15,"column":8},"end":{"line":15,"column":27}},"20":{"start":{"line":16,"column":8},"end":{"line":16,"column":27}},"21":{"start":{"line":17,"column":8},"end":{"line":47,"column":11}},"22":{"start":{"line":21,"column":16},"end":{"line":21,"column":39}},"23":{"start":{"line":27,"column":16},"end":{"line":27,"column":42}},"24":{"start":{"line":33,"column":16},"end":{"line":33,"column":40}},"25":{"start":{"line":39,"column":16},"end":{"line":39,"column":39}},"26":{"start":{"line":45,"column":16},"end":{"line":45,"column":42}},"27":{"start":{"line":50,"column":8},"end":{"line":50,"column":28}},"28":{"start":{"line":51,"column":8},"end":{"line":51,"column":28}},"29":{"start":{"line":53,"column":8},"end":{"line":53,"column":43}},"30":{"start":{"line":56,"column":4},"end":{"line":64,"column":8}},"31":{"start":{"line":59,"column":12},"end":{"line":62,"column":15}},"32":{"start":{"line":60,"column":33},"end":{"line":60,"column":92}},"33":{"start":{"line":61,"column":16},"end":{"line":61,"column":79}},"34":{"start":{"line":66,"column":4},"end":{"line":66,"column":22}},"35":{"start":{"line":69,"column":0},"end":{"line":69,"column":29}}},"fnMap":{"0":{"name":"(anonymous_0)","decl":{"start":{"line":7,"column":19},"end":{"line":7,"column":20}},"loc":{"start":{"line":7,"column":31},"end":{"line":7,"column":561}},"line":7},"1":{"name":"defineProperties","decl":{"start":{"line":7,"column":42},"end":{"line":7,"column":58}},"loc":{"start":{"line":7,"column":74},"end":{"line":7,"column":349}},"line":7},"2":{"name":"(anonymous_2)","decl":{"start":{"line":7,"column":357},"end":{"line":7,"column":358}},"loc":{"start":{"line":7,"column":405},"end":{"line":7,"column":558}},"line":7},"3":{"name":"_classCallCheck","decl":{"start":{"line":9,"column":9},"end":{"line":9,"column":24}},"loc":{"start":{"line":9,"column":48},"end":{"line":9,"column":153}},"line":9},"4":{"name":"(anonymous_4)","decl":{"start":{"line":11,"column":17},"end":{"line":11,"column":18}},"loc":{"start":{"line":11,"column":29},"end":{"line":67,"column":1}},"line":11},"5":{"name":"Controller","decl":{"start":{"line":12,"column":13},"end":{"line":12,"column":23}},"loc":{"start":{"line":12,"column":38},"end":{"line":54,"column":5}},"line":12},"6":{"name":"action","decl":{"start":{"line":20,"column":29},"end":{"line":20,"column":35}},"loc":{"start":{"line":20,"column":41},"end":{"line":22,"column":13}},"line":20},"7":{"name":"action","decl":{"start":{"line":26,"column":29},"end":{"line":26,"column":35}},"loc":{"start":{"line":26,"column":41},"end":{"line":28,"column":13}},"line":26},"8":{"name":"action","decl":{"start":{"line":32,"column":29},"end":{"line":32,"column":35}},"loc":{"start":{"line":32,"column":41},"end":{"line":34,"column":13}},"line":32},"9":{"name":"action","decl":{"start":{"line":38,"column":29},"end":{"line":38,"column":35}},"loc":{"start":{"line":38,"column":41},"end":{"line":40,"column":13}},"line":38},"10":{"name":"action","decl":{"start":{"line":44,"column":29},"end":{"line":44,"column":35}},"loc":{"start":{"line":44,"column":41},"end":{"line":46,"column":13}},"line":44},"11":{"name":"_registerDefaultRoutes","decl":{"start":{"line":58,"column":24},"end":{"line":58,"column":46}},"loc":{"start":{"line":58,"column":49},"end":{"line":63,"column":9}},"line":58},"12":{"name":"(anonymous_12)","decl":{"start":{"line":59,"column":36},"end":{"line":59,"column":37}},"loc":{"start":{"line":59,"column":61},"end":{"line":62,"column":13}},"line":59}},"branchMap":{"0":{"loc":{"start":{"line":7,"column":168},"end":{"line":7,"column":198}},"type":"binary-expr","locations":[{"start":{"line":7,"column":168},"end":{"line":7,"column":189}},{"start":{"line":7,"column":193},"end":{"line":7,"column":198}}],"line":7},"1":{"loc":{"start":{"line":7,"column":232},"end":{"line":7,"column":286}},"type":"if","locations":[{"start":{"line":7,"column":232},"end":{"line":7,"column":286}},{"start":{"line":7,"column":232},"end":{"line":7,"column":286}}],"line":7},"2":{"loc":{"start":{"line":7,"column":407},"end":{"line":7,"column":475}},"type":"if","locations":[{"start":{"line":7,"column":407},"end":{"line":7,"column":475}},{"start":{"line":7,"column":407},"end":{"line":7,"column":475}}],"line":7},"3":{"loc":{"start":{"line":7,"column":476},"end":{"line":7,"column":536}},"type":"if","locations":[{"start":{"line":7,"column":476},"end":{"line":7,"column":536}},{"start":{"line":7,"column":476},"end":{"line":7,"column":536}}],"line":7},"4":{"loc":{"start":{"line":9,"column":50},"end":{"line":9,"column":151}},"type":"if","locations":[{"start":{"line":9,"column":50},"end":{"line":9,"column":151}},{"start":{"line":9,"column":50},"end":{"line":9,"column":151}}],"line":9}},"s":{"0":1,"1":1,"2":1,"3":1,"4":1,"5":1,"6":1,"7":1,"8":1,"9":1,"10":1,"11":1,"12":1,"13":0,"14":1,"15":0,"16":0,"17":1,"18":0,"19":0,"20":0,"21":0,"22":0,"23":0,"24":0,"25":0,"26":0,"27":0,"28":0,"29":0,"30":1,"31":0,"32":0,"33":0,"34":1,"35":1},"f":{"0":1,"1":1,"2":1,"3":0,"4":1,"5":0,"6":0,"7":0,"8":0,"9":0,"10":0,"11":0,"12":0},"b":{"0":[1,1],"1":[1,0],"2":[1,0],"3":[0,1],"4":[0,0]},"_coverageSchema":"332fd63041d2c1bcb487cc26dd0d5f7d97098a6c","hash":"40ac85c70470b752817db2f0afa54bfa5a2e5d8e"}
}
