TN:
SF:C:\ProjetosPrivados\webhd-node-api-rest\dist\controller.js
FN:7,(anonymous_0)
FN:7,defineProperties
FN:7,(anonymous_2)
FN:9,_classCallCheck
FN:11,(anonymous_4)
FN:12,Controller
FN:20,action
FN:26,action
FN:32,action
FN:38,action
FN:44,action
FN:58,_registerDefaultRoutes
FN:59,(anonymous_12)
FNF:13
FNH:4
FNDA:1,(anonymous_0)
FNDA:1,defineProperties
FNDA:1,(anonymous_2)
FNDA:0,_classCallCheck
FNDA:1,(anonymous_4)
FNDA:0,Controller
FNDA:0,action
FNDA:0,action
FNDA:0,action
FNDA:0,action
FNDA:0,action
FNDA:0,_registerDefaultRoutes
FNDA:0,(anonymous_12)
DA:3,1
DA:7,1
DA:9,0
DA:11,1
DA:13,0
DA:15,0
DA:16,0
DA:17,0
DA:21,0
DA:27,0
DA:33,0
DA:39,0
DA:45,0
DA:50,0
DA:51,0
DA:53,0
DA:56,1
DA:59,0
DA:60,0
DA:61,0
DA:66,1
DA:69,1
LF:22
LH:6
BRDA:7,0,0,1
BRDA:7,0,1,1
BRDA:7,1,0,1
BRDA:7,1,1,0
BRDA:7,2,0,1
BRDA:7,2,1,0
BRDA:7,3,0,0
BRDA:7,3,1,1
BRDA:9,4,0,0
BRDA:9,4,1,0
BRF:10
BRH:5
end_of_record
