TN:
SF:C:\ProjetosPrivados\webhd-node-api-rest\dist\controller.js
FN:7,(anonymous_0)
FN:7,defineProperties
FN:7,(anonymous_2)
FN:9,_asyncToGenerator
FN:9,(anonymous_4)
FN:9,(anonymous_5)
FN:9,step
FN:9,(anonymous_7)
FN:9,(anonymous_8)
FN:11,_classCallCheck
FN:13,(anonymous_10)
FN:14,Controller
FN:24,(anonymous_12)
FN:25,_callee
FN:26,_callee$
FN:40,action
FN:49,(anonymous_16)
FN:50,_callee2
FN:51,_callee2$
FN:65,action
FN:74,(anonymous_20)
FN:75,_callee3
FN:76,_callee3$
FN:90,action
FN:99,(anonymous_24)
FN:100,_callee4
FN:101,_callee4$
FN:115,action
FN:124,(anonymous_28)
FN:125,_callee5
FN:126,_callee5$
FN:140,action
FN:157,_registerDefaultRoutes
FN:160,(anonymous_33)
FNF:34
FNH:4
FNDA:1,(anonymous_0)
FNDA:1,defineProperties
FNDA:1,(anonymous_2)
FNDA:0,_asyncToGenerator
FNDA:0,(anonymous_4)
FNDA:0,(anonymous_5)
FNDA:0,step
FNDA:0,(anonymous_7)
FNDA:0,(anonymous_8)
FNDA:0,_classCallCheck
FNDA:1,(anonymous_10)
FNDA:0,Controller
FNDA:0,(anonymous_12)
FNDA:0,_callee
FNDA:0,_callee$
FNDA:0,action
FNDA:0,(anonymous_16)
FNDA:0,_callee2
FNDA:0,_callee2$
FNDA:0,action
FNDA:0,(anonymous_20)
FNDA:0,_callee3
FNDA:0,_callee3$
FNDA:0,action
FNDA:0,(anonymous_24)
FNDA:0,_callee4
FNDA:0,_callee4$
FNDA:0,action
FNDA:0,(anonymous_28)
FNDA:0,_callee5
FNDA:0,_callee5$
FNDA:0,action
FNDA:0,_registerDefaultRoutes
FNDA:0,(anonymous_33)
DA:3,1
DA:7,1
DA:9,0
DA:11,0
DA:13,1
DA:15,0
DA:17,0
DA:19,0
DA:20,0
DA:21,0
DA:25,0
DA:26,0
DA:27,0
DA:28,0
DA:30,0
DA:34,0
DA:41,0
DA:44,0
DA:50,0
DA:51,0
DA:52,0
DA:53,0
DA:55,0
DA:59,0
DA:66,0
DA:69,0
DA:75,0
DA:76,0
DA:77,0
DA:78,0
DA:80,0
DA:84,0
DA:91,0
DA:94,0
DA:100,0
DA:101,0
DA:102,0
DA:103,0
DA:105,0
DA:109,0
DA:116,0
DA:119,0
DA:125,0
DA:126,0
DA:127,0
DA:128,0
DA:130,0
DA:134,0
DA:141,0
DA:144,0
DA:148,0
DA:149,0
DA:150,0
DA:151,0
DA:155,1
DA:158,0
DA:160,0
DA:161,0
DA:162,0
DA:163,0
DA:168,1
DA:171,1
LF:62
LH:6
BRDA:7,0,0,1
BRDA:7,0,1,1
BRDA:7,1,0,1
BRDA:7,1,1,0
BRDA:7,2,0,1
BRDA:7,2,1,0
BRDA:7,3,0,0
BRDA:7,3,1,1
BRDA:9,4,0,0
BRDA:9,4,1,0
BRDA:11,5,0,0
BRDA:11,5,1,0
BRDA:28,6,0,0
BRDA:28,6,1,0
BRDA:28,6,2,0
BRDA:53,7,0,0
BRDA:53,7,1,0
BRDA:53,7,2,0
BRDA:78,8,0,0
BRDA:78,8,1,0
BRDA:78,8,2,0
BRDA:103,9,0,0
BRDA:103,9,1,0
BRDA:103,9,2,0
BRDA:128,10,0,0
BRDA:128,10,1,0
BRDA:128,10,2,0
BRDA:149,11,0,0
BRDA:149,11,1,0
BRF:29
BRH:5
end_of_record
TN:
SF:C:\ProjetosPrivados\webhd-node-api-rest\test\controller\testController.js
FN:5,(anonymous_0)
FNF:1
FNH:0
FNDA:0,(anonymous_0)
DA:6,0
LF:1
LH:0
BRF:0
BRH:0
end_of_record
